<?xml version="1.0" encoding="UTF-8"?>
<!-- Generated by org.testng.reporters.JUnitReportReporter -->
<testsuite skipped="0" hostname="DESKTOP-8TALA8A" name="mypackage.phptravels" tests="3" failures="0" timestamp="2019-09-01T02:15:56 IST" time="21.215" errors="0">
  <testcase name="executSessionThree" time="5.217" classname="mypackage.phptravels"/>
  <testcase name="executSessionOne" time="10.259" classname="mypackage.phptravels"/>
  <testcase name="executeSessionTwo" time="5.739" classname="mypackage.phptravels"/>
</testsuite> <!-- mypackage.phptravels -->
